<?xml version="1.0" encoding="UTF-8"?>
<testng-results ignored="0" total="1" passed="1" failed="0" skipped="0">
  <reporter-output>
  </reporter-output>
  <suite started-at="2023-10-31T19:46:29 IST" name="Default suite" finished-at="2023-10-31T19:47:12 IST" duration-ms="43309">
    <groups>
    </groups>
    <test started-at="2023-10-31T19:46:29 IST" name="Default test" finished-at="2023-10-31T19:47:12 IST" duration-ms="43309">
      <class name="contactsTests.CreateContactWithOrganizationTest">
        <test-method is-config="true" signature="bsConfig()[pri:0, instance:contactsTests.CreateContactWithOrganizationTest@7c6908d7]" started-at="2023-10-31T19:46:29 IST" name="bsConfig" finished-at="2023-10-31T19:46:29 IST" duration-ms="10" status="PASS">
          <reporter-output>
          </reporter-output>
        </test-method> <!-- bsConfig -->
        <test-method is-config="true" signature="bcConfig()[pri:0, instance:contactsTests.CreateContactWithOrganizationTest@7c6908d7]" started-at="2023-10-31T19:46:29 IST" name="bcConfig" finished-at="2023-10-31T19:46:38 IST" duration-ms="9445" status="PASS">
          <reporter-output>
          </reporter-output>
        </test-method> <!-- bcConfig -->
        <test-method is-config="true" signature="bmConfig()[pri:0, instance:contactsTests.CreateContactWithOrganizationTest@7c6908d7]" started-at="2023-10-31T19:46:39 IST" name="bmConfig" finished-at="2023-10-31T19:46:44 IST" duration-ms="5480" status="PASS">
          <reporter-output>
          </reporter-output>
        </test-method> <!-- bmConfig -->
        <test-method signature="CreateContactWithOrgTest()[pri:0, instance:contactsTests.CreateContactWithOrganizationTest@7c6908d7]" started-at="2023-10-31T19:46:44 IST" name="CreateContactWithOrgTest" finished-at="2023-10-31T19:47:09 IST" duration-ms="24751" status="PASS">
          <reporter-output>
          </reporter-output>
        </test-method> <!-- CreateContactWithOrgTest -->
        <test-method is-config="true" signature="amConfig()[pri:0, instance:contactsTests.CreateContactWithOrganizationTest@7c6908d7]" started-at="2023-10-31T19:47:09 IST" name="amConfig" finished-at="2023-10-31T19:47:11 IST" duration-ms="2350" status="PASS">
          <reporter-output>
          </reporter-output>
        </test-method> <!-- amConfig -->
        <test-method is-config="true" signature="acConfig()[pri:0, instance:contactsTests.CreateContactWithOrganizationTest@7c6908d7]" started-at="2023-10-31T19:47:11 IST" name="acConfig" finished-at="2023-10-31T19:47:12 IST" duration-ms="1234" status="PASS">
          <reporter-output>
          </reporter-output>
        </test-method> <!-- acConfig -->
        <test-method is-config="true" signature="asConfig()[pri:0, instance:contactsTests.CreateContactWithOrganizationTest@7c6908d7]" started-at="2023-10-31T19:47:12 IST" name="asConfig" finished-at="2023-10-31T19:47:12 IST" duration-ms="2" status="PASS">
          <reporter-output>
          </reporter-output>
        </test-method> <!-- asConfig -->
      </class> <!-- contactsTests.CreateContactWithOrganizationTest -->
    </test> <!-- Default test -->
  </suite> <!-- Default suite -->
</testng-results>
